This is XeTeX, Version 3.14159265-2.6-0.99999 (TeX Live 2018/W32TeX) (preloaded format=xelatex 2019.3.18)  2 MAY 2020 00:07
entering extended mode
 restricted \write18 enabled.
 %&-line parsing enabled.
**preface.tex
(./preface.tex
LaTeX2e <2018-04-01> patch level 2
Babel <3.18> and hyphenation patterns for 84 language(s) loaded.
! Undefined control sequence.
l.1 \chapter
            *{前言}
The control sequence at the end of the top line
of your error message was never \def'ed. If you have
misspelled it (e.g., `\hobx'), type `I' and the correct
spelling (e.g., `I\hbox'). Otherwise just continue,
and I'll forget about whatever was undefined.


! LaTeX Error: Missing \begin{document}.

See the LaTeX manual or LaTeX Companion for explanation.
Type  H <return>  for immediate help.
 ...                                              
                                                  
l.1 \chapter*
             {前言}
You're in trouble here.  Try typing  <return>  to proceed.
If that doesn't work, type  X <return>  to quit.

Missing character: There is no * in font nullfont!
Missing character: There is no 前 in font nullfont!
Missing character: There is no 言 in font nullfont!

Overfull \hbox (20.0pt too wide) in paragraph at lines 1--2
[] 
 []


! LaTeX Error: Missing \begin{document}.

See the LaTeX manual or LaTeX Companion for explanation.
Type  H <return>  for immediate help.
 ...                                              
                                                  
l.3 复
     变函数（作为数学专业课常被称为“复分析”，Complex Analysis）是数学系专业课程中的必修课，也是基础课，是我们在后续阶段的学习以及...

You're in trouble here.  Try typing  <return>  to proceed.
If that doesn't work, type  X <return>  to quit.

Missing character: There is no 复 in font nullfont!
Missing character: There is no 变 in font nullfont!
Missing character: There is no 函 in font nullfont!
Missing character: There is no 数 in font nullfont!
Missing character: There is no （ in font nullfont!
Missing character: There is no 作 in font nullfont!
Missing character: There is no 为 in font nullfont!
Missing character: There is no 数 in font nullfont!
Missing character: There is no 学 in font nullfont!
Missing character: There is no 专 in font nullfont!
Missing character: There is no 业 in font nullfont!
Missing character: There is no 课 in font nullfont!
Missing character: There is no 常 in font nullfont!
Missing character: There is no 被 in font nullfont!
Missing character: There is no 称 in font nullfont!
Missing character: There is no 为 in font nullfont!
Missing character: There is no “ in font nullfont!
Missing character: There is no 复 in font nullfont!
Missing character: There is no 分 in font nullfont!
Missing character: There is no 析 in font nullfont!
Missing character: There is no ” in font nullfont!
Missing character: There is no ， in font nullfont!
Missing character: There is no C in font nullfont!
Missing character: There is no o in font nullfont!
Missing character: There is no m in font nullfont!
Missing character: There is no p in font nullfont!
Missing character: There is no l in font nullfont!
Missing character: There is no e in font nullfont!
Missing character: There is no x in font nullfont!
Missing character: There is no A in font nullfont!
Missing character: There is no n in font nullfont!
Missing character: There is no a in font nullfont!
Missing character: There is no l in font nullfont!
Missing character: There is no y in font nullfont!
Missing character: There is no s in font nullfont!
Missing character: There is no i in font nullfont!
Missing character: There is no s in font nullfont!
Missing character: There is no ） in font nullfont!
Missing character: There is no 是 in font nullfont!
Missing character: There is no 数 in font nullfont!
Missing character: There is no 学 in font nullfont!
Missing character: There is no 系 in font nullfont!
Missing character: There is no 专 in font nullfont!
Missing character: There is no 业 in font nullfont!
Missing character: There is no 课 in font nullfont!
Missing character: There is no 程 in font nullfont!
Missing character: There is no 中 in font nullfont!
Missing character: There is no 的 in font nullfont!
Missing character: There is no 必 in font nullfont!
Missing character: There is no 修 in font nullfont!
Missing character: There is no 课 in font nullfont!
Missing character: There is no ， in font nullfont!
Missing character: There is no 也 in font nullfont!
Missing character: There is no 是 in font nullfont!
Missing character: There is no 基 in font nullfont!
Missing character: There is no 础 in font nullfont!
Missing character: There is no 课 in font nullfont!
Missing character: There is no ， in font nullfont!
Missing character: There is no 是 in font nullfont!
Missing character: There is no 我 in font nullfont!
Missing character: There is no 们 in font nullfont!
Missing character: There is no 在 in font nullfont!
Missing character: There is no 后 in font nullfont!
Missing character: There is no 续 in font nullfont!
Missing character: There is no 阶 in font nullfont!
Missing character: There is no 段 in font nullfont!
Missing character: There is no 的 in font nullfont!
Missing character: There is no 学 in font nullfont!
Missing character: There is no 习 in font nullfont!
Missing character: There is no 以 in font nullfont!
Missing character: There is no 及 in font nullfont!
Missing character: There is no 研 in font nullfont!
Missing character: There is no 究 in font nullfont!
Missing character: There is no 中 in font nullfont!
Missing character: There is no 必 in font nullfont!
Missing character: There is no 不 in font nullfont!
Missing character: There is no 可 in font nullfont!
Missing character: There is no 少 in font nullfont!
Missing character: There is no 的 in font nullfont!
Missing character: There is no 一 in font nullfont!
Missing character: There is no 大 in font nullfont!
Missing character: There is no 块 in font nullfont!
Missing character: There is no 内 in font nullfont!
Missing character: There is no 容 in font nullfont!
Missing character: There is no ， in font nullfont!
Missing character: There is no 具 in font nullfont!
Missing character: There is no 体 in font nullfont!
Missing character: There is no 而 in font nullfont!
Missing character: There is no 言 in font nullfont!
Missing character: There is no 复 in font nullfont!
Missing character: There is no 变 in font nullfont!
Missing character: There is no 函 in font nullfont!
Missing character: There is no 数 in font nullfont!
Missing character: There is no 是 in font nullfont!
Missing character: There is no 复 in font nullfont!
Missing character: There is no 流 in font nullfont!
Missing character: There is no 形 in font nullfont!
Missing character: There is no 、 in font nullfont!
Missing character: There is no 解 in font nullfont!
Missing character: There is no 析 in font nullfont!
Missing character: There is no 数 in font nullfont!
Missing character: There is no 论 in font nullfont!
Missing character: There is no 等 in font nullfont!
Missing character: There is no 学 in font nullfont!
Missing character: There is no 科 in font nullfont!
Missing character: There is no 进 in font nullfont!
Missing character: There is no 行 in font nullfont!
Missing character: There is no 理 in font nullfont!
Missing character: There is no 论 in font nullfont!
Missing character: There is no 研 in font nullfont!
Missing character: There is no 究 in font nullfont!
Missing character: There is no 的 in font nullfont!
Missing character: There is no 必 in font nullfont!
Missing character: There is no 备 in font nullfont!
Missing character: There is no 工 in font nullfont!
Missing character: There is no 具 in font nullfont!
Missing character: There is no 。 in font nullfont!

Overfull \hbox (20.0pt too wide) in paragraph at lines 3--4
[]
 []


! LaTeX Error: Missing \begin{document}.

See the LaTeX manual or LaTeX Companion for explanation.
Type  H <return>  for immediate help.
 ...                                              
                                                  
l.5 本
     笔记内容以数学专业以及数学试验班（H）培养计划中大二下学期陈红斌老师教授的“复变函数”课程为基础，并连同其他与本科阶段复变函数基本内容有关的书...

You're in trouble here.  Try typing  <return>  to proceed.
If that doesn't work, type  X <return>  to quit.

Missing character: There is no 本 in font nullfont!
Missing character: There is no 笔 in font nullfont!
Missing character: There is no 记 in font nullfont!
Missing character: There is no 内 in font nullfont!
Missing character: There is no 容 in font nullfont!
Missing character: There is no 以 in font nullfont!
Missing character: There is no 数 in font nullfont!
Missing character: There is no 学 in font nullfont!
Missing character: There is no 专 in font nullfont!
Missing character: There is no 业 in font nullfont!
Missing character: There is no 以 in font nullfont!
Missing character: There is no 及 in font nullfont!
Missing character: There is no 数 in font nullfont!
Missing character: There is no 学 in font nullfont!
Missing character: There is no 试 in font nullfont!
Missing character: There is no 验 in font nullfont!
Missing character: There is no 班 in font nullfont!
Missing character: There is no （ in font nullfont!
Missing character: There is no H in font nullfont!
Missing character: There is no ） in font nullfont!
Missing character: There is no 培 in font nullfont!
Missing character: There is no 养 in font nullfont!
Missing character: There is no 计 in font nullfont!
Missing character: There is no 划 in font nullfont!
Missing character: There is no 中 in font nullfont!
Missing character: There is no 大 in font nullfont!
Missing character: There is no 二 in font nullfont!
Missing character: There is no 下 in font nullfont!
Missing character: There is no 学 in font nullfont!
Missing character: There is no 期 in font nullfont!
Missing character: There is no 陈 in font nullfont!
Missing character: There is no 红 in font nullfont!
Missing character: There is no 斌 in font nullfont!
Missing character: There is no 老 in font nullfont!
Missing character: There is no 师 in font nullfont!
Missing character: There is no 教 in font nullfont!
Missing character: There is no 授 in font nullfont!
Missing character: There is no 的 in font nullfont!
Missing character: There is no “ in font nullfont!
Missing character: There is no 复 in font nullfont!
Missing character: There is no 变 in font nullfont!
Missing character: There is no 函 in font nullfont!
Missing character: There is no 数 in font nullfont!
Missing character: There is no ” in font nullfont!
Missing character: There is no 课 in font nullfont!
Missing character: There is no 程 in font nullfont!
Missing character: There is no 为 in font nullfont!
Missing character: There is no 基 in font nullfont!
Missing character: There is no 础 in font nullfont!
Missing character: There is no ， in font nullfont!
Missing character: There is no 并 in font nullfont!
Missing character: There is no 连 in font nullfont!
Missing character: There is no 同 in font nullfont!
Missing character: There is no 其 in font nullfont!
Missing character: There is no 他 in font nullfont!
Missing character: There is no 与 in font nullfont!
Missing character: There is no 本 in font nullfont!
Missing character: There is no 科 in font nullfont!
Missing character: There is no 阶 in font nullfont!
Missing character: There is no 段 in font nullfont!
Missing character: There is no 复 in font nullfont!
Missing character: There is no 变 in font nullfont!
Missing character: There is no 函 in font nullfont!
Missing character: There is no 数 in font nullfont!
Missing character: There is no 基 in font nullfont!
Missing character: There is no 本 in font nullfont!
Missing character: There is no 内 in font nullfont!
Missing character: There is no 容 in font nullfont!
Missing character: There is no 有 in font nullfont!
Missing character: There is no 关 in font nullfont!
Missing character: There is no 的 in font nullfont!
Missing character: There is no 书 in font nullfont!
Missing character: There is no 籍 in font nullfont!
Missing character: There is no 整 in font nullfont!
Missing character: There is no 理 in font nullfont!
Missing character: There is no 而 in font nullfont!
Missing character: There is no 成 in font nullfont!
Missing character: There is no ， in font nullfont!
Missing character: There is no 其 in font nullfont!
Missing character: There is no 中 in font nullfont!
Missing character: There is no 的 in font nullfont!
Missing character: There is no 知 in font nullfont!
Missing character: There is no 识 in font nullfont!
Missing character: There is no 内 in font nullfont!
Missing character: There is no 容 in font nullfont!
Missing character: There is no 安 in font nullfont!
Missing character: There is no 排 in font nullfont!
Missing character: There is no 大 in font nullfont!
Missing character: There is no 体 in font nullfont!
Missing character: There is no 与 in font nullfont!
Missing character: There is no 授 in font nullfont!
Missing character: There is no 课 in font nullfont!
Missing character: There is no 内 in font nullfont!
Missing character: There is no 容 in font nullfont!
Missing character: There is no 详 in font nullfont!
Missing character: There is no 略 in font nullfont!
Missing character: There is no 相 in font nullfont!
Missing character: There is no 当 in font nullfont!
Missing character: There is no ， in font nullfont!
Missing character: There is no 但 in font nullfont!
Missing character: There is no 部 in font nullfont!
Missing character: There is no 分 in font nullfont!
Missing character: There is no 内 in font nullfont!
Missing character: There is no 容 in font nullfont!
Missing character: There is no 作 in font nullfont!
Missing character: There is no 者 in font nullfont!
Missing character: There is no 根 in font nullfont!
Missing character: There is no 据 in font nullfont!
Missing character: There is no 自 in font nullfont!
Missing character: There is no 身 in font nullfont!
Missing character: There is no 的 in font nullfont!
Missing character: There is no 理 in font nullfont!
Missing character: There is no 解 in font nullfont!
Missing character: There is no 对 in font nullfont!
Missing character: There is no 知 in font nullfont!
Missing character: There is no 识 in font nullfont!
Missing character: There is no 点 in font nullfont!
Missing character: There is no 的 in font nullfont!
Missing character: There is no 详 in font nullfont!
Missing character: There is no 略 in font nullfont!
Missing character: There is no 略 in font nullfont!
Missing character: There is no 作 in font nullfont!
Missing character: There is no 调 in font nullfont!
Missing character: There is no 整 in font nullfont!
Missing character: There is no 亦 in font nullfont!
Missing character: There is no 或 in font nullfont!
Missing character: There is no 是 in font nullfont!
Missing character: There is no 有 in font nullfont!
Missing character: There is no 所 in font nullfont!
Missing character: There is no 补 in font nullfont!
Missing character: There is no 充 in font nullfont!
Missing character: There is no 。 in font nullfont!
Missing character: There is no 作 in font nullfont!
Missing character: There is no 者 in font nullfont!
Missing character: There is no 希 in font nullfont!
Missing character: There is no 望 in font nullfont!
Missing character: There is no 本 in font nullfont!
Missing character: There is no 笔 in font nullfont!
Missing character: There is no 记 in font nullfont!
Missing character: There is no 可 in font nullfont!
Missing character: There is no 以 in font nullfont!
Missing character: There is no 帮 in font nullfont!
Missing character: There is no 助 in font nullfont!
Missing character: There is no 大 in font nullfont!
Missing character: There is no 家 in font nullfont!
Missing character: There is no 从 in font nullfont!
Missing character: There is no 庞 in font nullfont!
Missing character: There is no 杂 in font nullfont!
Missing character: There is no 的 in font nullfont!
Missing character: There is no 定 in font nullfont!
Missing character: There is no 理 in font nullfont!
Missing character: There is no 内 in font nullfont!
Missing character: There is no 容 in font nullfont!
Missing character: There is no 中 in font nullfont!
Missing character: There is no 整 in font nullfont!
Missing character: There is no 理 in font nullfont!
Missing character: There is no 出 in font nullfont!
Missing character: There is no 一 in font nullfont!
Missing character: There is no 个 in font nullfont!
Missing character: There is no 较 in font nullfont!
Missing character: There is no 为 in font nullfont!
Missing character: There is no 清 in font nullfont!
Missing character: There is no 晰 in font nullfont!
Missing character: There is no 的 in font nullfont!
Missing character: There is no 知 in font nullfont!
Missing character: There is no 识 in font nullfont!
Missing character: There is no 体 in font nullfont!
Missing character: There is no 系 in font nullfont!
Missing character: There is no ， in font nullfont!
Missing character: There is no 以 in font nullfont!
Missing character: There is no 及 in font nullfont!
Missing character: There is no 完 in font nullfont!
Missing character: There is no 善 in font nullfont!
Missing character: There is no 定 in font nullfont!
Missing character: There is no 理 in font nullfont!
Missing character: There is no 在 in font nullfont!
Missing character: There is no 具 in font nullfont!
Missing character: There is no 体 in font nullfont!
Missing character: There is no 问 in font nullfont!
Missing character: There is no 题 in font nullfont!
Missing character: There is no 中 in font nullfont!
Missing character: There is no 的 in font nullfont!
Missing character: There is no 应 in font nullfont!
Missing character: There is no 用 in font nullfont!
Missing character: There is no 以 in font nullfont!
Missing character: There is no 达 in font nullfont!
Missing character: There is no 到 in font nullfont!
Missing character: There is no 更 in font nullfont!
Missing character: There is no 从 in font nullfont!
Missing character: There is no 容 in font nullfont!
Missing character: There is no 的 in font nullfont!
Missing character: There is no 面 in font nullfont!
Missing character: There is no 对 in font nullfont!
Missing character: There is no 考 in font nullfont!
Missing character: There is no 试 in font nullfont!
Missing character: There is no 的 in font nullfont!
Missing character: There is no 目 in font nullfont!
Missing character: There is no 的 in font nullfont!
Missing character: There is no 。 in font nullfont!

Overfull \hbox (20.0pt too wide) in paragraph at lines 5--6
[] 
 []


! LaTeX Error: Missing \begin{document}.

See the LaTeX manual or LaTeX Companion for explanation.
Type  H <return>  for immediate help.
 ...                                              
                                                  
l.7 本
     笔记在许多定理的证明上并不做详细叙述，但会指出该定理的证明在课堂笔记中或是某本参考书中有所体现。定理证明的省略并不意味着定理的证明没有参考价值...

You're in trouble here.  Try typing  <return>  to proceed.
If that doesn't work, type  X <return>  to quit.

Missing character: There is no 本 in font nullfont!
Missing character: There is no 笔 in font nullfont!
Missing character: There is no 记 in font nullfont!
Missing character: There is no 在 in font nullfont!
Missing character: There is no 许 in font nullfont!
Missing character: There is no 多 in font nullfont!
Missing character: There is no 定 in font nullfont!
Missing character: There is no 理 in font nullfont!
Missing character: There is no 的 in font nullfont!
Missing character: There is no 证 in font nullfont!
Missing character: There is no 明 in font nullfont!
Missing character: There is no 上 in font nullfont!
Missing character: There is no 并 in font nullfont!
Missing character: There is no 不 in font nullfont!
Missing character: There is no 做 in font nullfont!
Missing character: There is no 详 in font nullfont!
Missing character: There is no 细 in font nullfont!
Missing character: There is no 叙 in font nullfont!
Missing character: There is no 述 in font nullfont!
Missing character: There is no ， in font nullfont!
Missing character: There is no 但 in font nullfont!
Missing character: There is no 会 in font nullfont!
Missing character: There is no 指 in font nullfont!
Missing character: There is no 出 in font nullfont!
Missing character: There is no 该 in font nullfont!
Missing character: There is no 定 in font nullfont!
Missing character: There is no 理 in font nullfont!
Missing character: There is no 的 in font nullfont!
Missing character: There is no 证 in font nullfont!
Missing character: There is no 明 in font nullfont!
Missing character: There is no 在 in font nullfont!
Missing character: There is no 课 in font nullfont!
Missing character: There is no 堂 in font nullfont!
Missing character: There is no 笔 in font nullfont!
Missing character: There is no 记 in font nullfont!
Missing character: There is no 中 in font nullfont!
Missing character: There is no 或 in font nullfont!
Missing character: There is no 是 in font nullfont!
Missing character: There is no 某 in font nullfont!
Missing character: There is no 本 in font nullfont!
Missing character: There is no 参 in font nullfont!
Missing character: There is no 考 in font nullfont!
Missing character: There is no 书 in font nullfont!
Missing character: There is no 中 in font nullfont!
Missing character: There is no 有 in font nullfont!
Missing character: There is no 所 in font nullfont!
Missing character: There is no 体 in font nullfont!
Missing character: There is no 现 in font nullfont!
Missing character: There is no 。 in font nullfont!
Missing character: There is no 定 in font nullfont!
Missing character: There is no 理 in font nullfont!
Missing character: There is no 证 in font nullfont!
Missing character: There is no 明 in font nullfont!
Missing character: There is no 的 in font nullfont!
Missing character: There is no 省 in font nullfont!
Missing character: There is no 略 in font nullfont!
Missing character: There is no 并 in font nullfont!
Missing character: There is no 不 in font nullfont!
Missing character: There is no 意 in font nullfont!
Missing character: There is no 味 in font nullfont!
Missing character: There is no 着 in font nullfont!
Missing character: There is no 定 in font nullfont!
Missing character: There is no 理 in font nullfont!
Missing character: There is no 的 in font nullfont!
Missing character: There is no 证 in font nullfont!
Missing character: There is no 明 in font nullfont!
Missing character: There is no 没 in font nullfont!
Missing character: There is no 有 in font nullfont!
Missing character: There is no 参 in font nullfont!
Missing character: There is no 考 in font nullfont!
Missing character: There is no 价 in font nullfont!
Missing character: There is no 值 in font nullfont!
Missing character: There is no ， in font nullfont!
Missing character: There is no 反 in font nullfont!
Missing character: There is no 而 in font nullfont!
Missing character: There is no 这 in font nullfont!
Missing character: There is no 是 in font nullfont!
Missing character: There is no 我 in font nullfont!
Missing character: There is no 认 in font nullfont!
Missing character: There is no 为 in font nullfont!
Missing character: There is no 的 in font nullfont!
Missing character: There is no 这 in font nullfont!
Missing character: There is no 门 in font nullfont!
Missing character: There is no 学 in font nullfont!
Missing character: There is no 科 in font nullfont!
Missing character: There is no 中 in font nullfont!
Missing character: There is no 最 in font nullfont!
Missing character: There is no 精 in font nullfont!
Missing character: There is no 髓 in font nullfont!
Missing character: There is no 的 in font nullfont!
Missing character: There is no 部 in font nullfont!
Missing character: There is no 分 in font nullfont!
Missing character: There is no ， in font nullfont!
Missing character: There is no 这 in font nullfont!
Missing character: There is no 部 in font nullfont!
Missing character: There is no 分 in font nullfont!
Missing character: There is no 充 in font nullfont!
Missing character: There is no 分 in font nullfont!
Missing character: There is no 体 in font nullfont!
Missing character: There is no 现 in font nullfont!
Missing character: There is no 了 in font nullfont!
Missing character: There is no 复 in font nullfont!
Missing character: There is no 分 in font nullfont!
Missing character: There is no 析 in font nullfont!
Missing character: There is no 与 in font nullfont!
Missing character: There is no 实 in font nullfont!
Missing character: There is no 分 in font nullfont!
Missing character: There is no 析 in font nullfont!
Missing character: There is no 的 in font nullfont!
Missing character: There is no 不 in font nullfont!
Missing character: There is no 同 in font nullfont!
Missing character: There is no ， in font nullfont!
Missing character: There is no 这 in font nullfont!
Missing character: There is no 种 in font nullfont!
Missing character: There is no 对 in font nullfont!
Missing character: There is no 比 in font nullfont!
Missing character: There is no 性 in font nullfont!
Missing character: There is no 有 in font nullfont!
Missing character: There is no 助 in font nullfont!
Missing character: There is no 于 in font nullfont!
Missing character: There is no 更 in font nullfont!
Missing character: There is no 好 in font nullfont!
Missing character: There is no 地 in font nullfont!
Missing character: There is no 理 in font nullfont!
Missing character: There is no 解 in font nullfont!
Missing character: There is no 复 in font nullfont!
Missing character: There is no 分 in font nullfont!
Missing character: There is no 析 in font nullfont!
Missing character: There is no 这 in font nullfont!
Missing character: There is no 门 in font nullfont!
Missing character: There is no 学 in font nullfont!
Missing character: There is no 科 in font nullfont!
Missing character: There is no 。 in font nullfont!

Overfull \hbox (20.0pt too wide) in paragraph at lines 7--8
[] 
 []


! LaTeX Error: Missing \begin{document}.

See the LaTeX manual or LaTeX Companion for explanation.
Type  H <return>  for immediate help.
 ...                                              
                                                  
l.9 笔
     记中某些内容可能难度较高，超出了课程范围内的要求，作者已对相关内容进行（*）标注，供读者选读。若是具有能力的同学能够从中有所启发、有所收获，作...

You're in trouble here.  Try typing  <return>  to proceed.
If that doesn't work, type  X <return>  to quit.

Missing character: There is no 笔 in font nullfont!
Missing character: There is no 记 in font nullfont!
Missing character: There is no 中 in font nullfont!
Missing character: There is no 某 in font nullfont!
Missing character: There is no 些 in font nullfont!
Missing character: There is no 内 in font nullfont!
Missing character: There is no 容 in font nullfont!
Missing character: There is no 可 in font nullfont!
Missing character: There is no 能 in font nullfont!
Missing character: There is no 难 in font nullfont!
Missing character: There is no 度 in font nullfont!
Missing character: There is no 较 in font nullfont!
Missing character: There is no 高 in font nullfont!
Missing character: There is no ， in font nullfont!
Missing character: There is no 超 in font nullfont!
Missing character: There is no 出 in font nullfont!
Missing character: There is no 了 in font nullfont!
Missing character: There is no 课 in font nullfont!
Missing character: There is no 程 in font nullfont!
Missing character: There is no 范 in font nullfont!
Missing character: There is no 围 in font nullfont!
Missing character: There is no 内 in font nullfont!
Missing character: There is no 的 in font nullfont!
Missing character: There is no 要 in font nullfont!
Missing character: There is no 求 in font nullfont!
Missing character: There is no ， in font nullfont!
Missing character: There is no 作 in font nullfont!
Missing character: There is no 者 in font nullfont!
Missing character: There is no 已 in font nullfont!
Missing character: There is no 对 in font nullfont!
Missing character: There is no 相 in font nullfont!
Missing character: There is no 关 in font nullfont!
Missing character: There is no 内 in font nullfont!
Missing character: There is no 容 in font nullfont!
Missing character: There is no 进 in font nullfont!
Missing character: There is no 行 in font nullfont!
Missing character: There is no （ in font nullfont!
Missing character: There is no * in font nullfont!
Missing character: There is no ） in font nullfont!
Missing character: There is no 标 in font nullfont!
Missing character: There is no 注 in font nullfont!
Missing character: There is no ， in font nullfont!
Missing character: There is no 供 in font nullfont!
Missing character: There is no 读 in font nullfont!
Missing character: There is no 者 in font nullfont!
Missing character: There is no 选 in font nullfont!
Missing character: There is no 读 in font nullfont!
Missing character: There is no 。 in font nullfont!
Missing character: There is no 若 in font nullfont!
Missing character: There is no 是 in font nullfont!
Missing character: There is no 具 in font nullfont!
Missing character: There is no 有 in font nullfont!
Missing character: There is no 能 in font nullfont!
Missing character: There is no 力 in font nullfont!
Missing character: There is no 的 in font nullfont!
Missing character: There is no 同 in font nullfont!
Missing character: There is no 学 in font nullfont!
Missing character: There is no 能 in font nullfont!
Missing character: There is no 够 in font nullfont!
Missing character: There is no 从 in font nullfont!
Missing character: There is no 中 in font nullfont!
Missing character: There is no 有 in font nullfont!
Missing character: There is no 所 in font nullfont!
Missing character: There is no 启 in font nullfont!
Missing character: There is no 发 in font nullfont!
Missing character: There is no 、 in font nullfont!
Missing character: There is no 有 in font nullfont!
Missing character: There is no 所 in font nullfont!
Missing character: There is no 收 in font nullfont!
Missing character: There is no 获 in font nullfont!
Missing character: There is no ， in font nullfont!
Missing character: There is no 作 in font nullfont!
Missing character: There is no 者 in font nullfont!
Missing character: There is no 甚 in font nullfont!
Missing character: There is no 是 in font nullfont!
Missing character: There is no 欣 in font nullfont!
Missing character: There is no 慰 in font nullfont!
Missing character: There is no 与 in font nullfont!
Missing character: There is no 感 in font nullfont!
Missing character: There is no 激 in font nullfont!
Missing character: There is no 。 in font nullfont!

Overfull \hbox (20.0pt too wide) in paragraph at lines 9--10
[] 
 []


! LaTeX Error: Missing \begin{document}.

See the LaTeX manual or LaTeX Companion for explanation.
Type  H <return>  for immediate help.
 ...                                              
                                                  
l.13 \begin{flushright}
                       
You're in trouble here.  Try typing  <return>  to proceed.
If that doesn't work, type  X <return>  to quit.


Overfull \hbox (20.0pt too wide) in paragraph at lines 13--13
[] 
 []


LaTeX Warning: No \author given.


! LaTeX Error: There's no line here to end.

See the LaTeX manual or LaTeX Companion for explanation.
Type  H <return>  for immediate help.
 ...                                              
                                                  
l.14 ^^I\@author\\
                  
Your command was ignored.
Type  I <command> <return>  to replace it with another command,
or  <return>  to continue without it.

! Undefined control sequence.
\@date ->\today 
                
l.15 ^^I\@date
              
The control sequence at the end of the top line
of your error message was never \def'ed. If you have
misspelled it (e.g., `\hobx'), type `I' and the correct
spelling (e.g., `I\hbox'). Otherwise just continue,
and I'll forget about whatever was undefined.

! Undefined control sequence.
l.19 \clearemptydoublepage
                          
The control sequence at the end of the top line
of your error message was never \def'ed. If you have
misspelled it (e.g., `\hobx'), type `I' and the correct
spelling (e.g., `I\hbox'). Otherwise just continue,
and I'll forget about whatever was undefined.

! Undefined control sequence.
l.20 \tableofcontents
                     
The control sequence at the end of the top line
of your error message was never \def'ed. If you have
misspelled it (e.g., `\hobx'), type `I' and the correct
spelling (e.g., `I\hbox'). Otherwise just continue,
and I'll forget about whatever was undefined.

)
! Emergency stop.
<*> preface.tex
               
*** (job aborted, no legal \end found)

 
Here is how much of TeX's memory you used:
 4 strings out of 492970
 42 string characters out of 6137298
 63642 words of memory out of 5000000
 4112 multiletter control sequences out of 15000+600000
 3640 words of font info for 14 fonts, out of 8000000 for 9000
 1348 hyphenation exceptions out of 8191
 9i,1n,4p,213b,57s stack positions out of 5000i,500n,10000p,200000b,80000s
No pages of output.
