\BOOKMARK [0][]{chapter.1}{\376\377\173\054\116\000\172\340\000\040\000\040}{}% 1
\BOOKMARK [0][]{chapter.2}{\376\377\173\054\116\214\172\340\000\040\000\040}{}% 2
\BOOKMARK [0][]{chapter.3}{\376\377\173\054\116\011\172\340\000\040\000\040\147\357\211\177\171\357\122\006\121\154\137\017\123\312\136\224\165\050}{}% 3
\BOOKMARK [1][]{section.3.1}{\376\377\000\247\0003\000.\0001\000\040\121\150\176\257\121\375\145\160\166\204\171\357\122\006\210\150\171\072}{chapter.3}% 4
\BOOKMARK [1][]{section.3.2}{\376\377\000\247\0003\000.\0002\000\040\000C\000a\000u\000c\000h\000y\171\357\122\006\133\232\164\006}{chapter.3}% 5
\BOOKMARK [1][]{section.3.3}{\376\377\000\247\0003\000.\0003\000\040\121\150\176\257\121\375\145\160\166\204\123\237\121\375\145\160}{chapter.3}% 6
\BOOKMARK [1][]{section.3.4}{\376\377\000\247\0003\000.\0004\000\040\000C\000a\000u\000c\000h\000y\171\357\122\006\121\154\137\017}{chapter.3}% 7
\BOOKMARK [1][]{section.3.5}{\376\377\000\247\0003\000.\0005\000\040\000C\000a\000u\000c\000h\000y\171\357\122\006\121\154\137\017\166\204\116\000\116\233\221\315\211\201\143\250\213\272}{chapter.3}% 8
\BOOKMARK [1][]{section.3.6}{\376\377\000\247\0003\000.\0006\000\040\147\000\131\047\152\041\123\237\164\006}{chapter.3}% 9
\BOOKMARK [1][]{section.3.7}{\376\377\000\247\0003\000.\0007\000\040\227\136\237\120\153\041\000C\000a\000u\000c\000h\000y\171\357\122\006\121\154\137\017\000*}{chapter.3}% 10
\BOOKMARK [0][]{chapter.4}{\376\377\173\054\126\333\172\340\000\040\000\040\211\343\147\220\121\375\145\160\166\204\000T\000a\000y\000l\000o\000r\134\125\137\000\123\312\121\166\136\224\165\050}{}% 11
\BOOKMARK [1][]{section.4.1}{\376\377\000\247\0004\000.\0001\000\040\000W\000e\000i\000e\000r\000s\000t\000r\000a\000s\000s\133\232\164\006}{chapter.4}% 12
\BOOKMARK [1][]{section.4.2}{\376\377\000\247\0004\000.\0002\000\040\136\102\121\375\145\160}{chapter.4}% 13
\BOOKMARK [1][]{section.4.3}{\376\377\000\247\0004\000.\0003\000\040\211\343\147\220\121\375\145\160\166\204\000T\000a\000y\000l\000o\000r\134\125\137\000}{chapter.4}% 14
\BOOKMARK [1][]{section.4.4}{\376\377\000\247\0004\000.\0004\000\040\000L\000a\000u\000r\000e\000n\000t\000\040\000\040\176\247\145\160}{chapter.4}% 15
\BOOKMARK [1][]{section.4.5}{\376\377\000\247\0004\000.\0005\000\040\133\144\172\313\131\107\160\271}{chapter.4}% 16
\BOOKMARK [1][]{section.4.6}{\376\377\000\247\0004\000.\0006\000\040\166\370\121\163\166\204\121\166\116\326\176\323\213\272\116\345\123\312\116\140\230\230\122\027\116\076}{chapter.4}% 17
\BOOKMARK [0][]{chapter.5}{\376\377\173\054\116\224\172\340\000\040\000\040\165\131\145\160\133\232\164\006\116\016\217\220\211\322\133\232\164\006}{}% 18
\BOOKMARK [1][]{subsection.5.0.1}{\376\377\0005\000.\0000\000.\0001\000\040\116\232\176\257\121\375\145\160\166\204\123\237\137\017}{chapter.5}% 19
\BOOKMARK [2][]{subsection.5.0.2}{\376\377\0005\000.\0000\000.\0002\000\040\117\213\230\230}{subsection.5.0.1}% 20
\BOOKMARK [0][]{chapter.6}{\376\377\173\054\121\155\172\340\000\040\000\040}{}% 21
\BOOKMARK [1][]{section.6.1}{\376\377\000\247\0006\000.\0001\000\040\201\352\124\014\147\204\177\244\000i\000i}{chapter.6}% 22
\BOOKMARK [1][]{section.6.2}{\376\377\000\247\0006\000.\0002\000\040\000S\000c\000h\000w\000a\000r\000z\000-\000C\000h\000r\000i\000s\000t\000o\000f\000f\000e\000l\121\154\137\017\116\016\217\271\165\114\133\371\136\224\133\232\164\006}{chapter.6}% 23
\BOOKMARK [0][]{chapter.7}{\376\377\173\054\116\003\172\340\000\040\000\040}{}% 24
